Unity Editor version:    2020.3.24f1 (79c78de19888)
Branch:                  2020.3/staging
Build type:              Release
Batch mode:              YES
macOS version:           Version 12.0.1 (Build 21A559)
Darwin version:          21.1.0
Architecture:            x86_64
Running under Rosetta:   YES
Available memory:        8192 MB
Using pre-set license
Pro License: NO

COMMAND LINE ARGUMENTS:
/Applications/Unity/Hub/Editor/2020.3.24f1/Unity.app/Contents/MacOS/Unity
-adb2
-batchMode
-noUpm
-name
AssetImportWorker0
-projectPath
/Users/popsuay/Lab2
-logFile
Logs/AssetImportWorker0.log
-srvPort
51661
Successfully changed project path to: /Users/popsuay/Lab2
/Users/popsuay/Lab2
Using Asset Import Pipeline V2.
Refreshing native plugins compatible for Editor in 59.93 ms, found 2 plugins.
Preloading 0 native plugins for Editor in 0.00 ms.
Initialize engine version: 2020.3.24f1 (79c78de19888)
[Subsystems] Discovering subsystems at path /Applications/Unity/Hub/Editor/2020.3.24f1/Unity.app/Contents/Resources/UnitySubsystems
[Subsystems] Discovering subsystems at path /Users/popsuay/Lab2/Assets
GfxDevice: creating device client; threaded=0
2021-12-09 15:38:51.559 Unity[13553:206264] (null) preferred device: Apple M1 (high power)
2021-12-09 15:38:51.559 Unity[13553:206264] Metal devices available: 1
2021-12-09 15:38:51.559 Unity[13553:206264] 0: Apple M1 (high power)
2021-12-09 15:38:51.559 Unity[13553:206264] Using device Apple M1 (high power)
Initializing Metal device caps: Apple M1
Initialize mono
Mono path[0] = '/Applications/Unity/Hub/Editor/2020.3.24f1/Unity.app/Contents/Managed'
Mono path[1] = '/Applications/Unity/Hub/Editor/2020.3.24f1/Unity.app/Contents/MonoBleedingEdge/lib/mono/unityjit'
Mono config path = '/Applications/Unity/Hub/Editor/2020.3.24f1/Unity.app/Contents/MonoBleedingEdge/etc'
Using monoOptions --debugger-agent=transport=dt_socket,embedding=1,server=y,suspend=n,address=127.0.0.1:56553
Begin MonoManager ReloadAssembly
Registering precompiled unity dll's ...
Register platform support module: /Applications/Unity/Hub/Editor/2020.3.24f1/Unity.app/Contents/PlaybackEngines/MacStandaloneSupport/UnityEditor.OSXStandalone.Extensions.dll
Registered in 0.001361 seconds.
Native extension for OSXStandalone target not found
Refreshing native plugins compatible for Editor in 48.28 ms, found 2 plugins.
Preloading 0 native plugins for Editor in 0.00 ms.
Mono: successfully reloaded assembly
- Completed reload, in  1.179 seconds
Domain Reload Profiling:
	ReloadAssembly (1179ms)
		BeginReloadAssembly (100ms)
			ExecutionOrderSort (0ms)
			DisableScriptedObjects (0ms)
			BackupInstance (0ms)
			ReleaseScriptingObjects (0ms)
			CreateAndSetChildDomain (2ms)
		EndReloadAssembly (950ms)
			LoadAssemblies (98ms)
			RebuildTransferFunctionScriptingTraits (1ms)
			SetupTypeCache (185ms)
			ReleaseScriptCaches (0ms)
			RebuildScriptCaches (39ms)
			SetupLoadedEditorAssemblies (466ms)
				LogAssemblyErrors (0ms)
				InitializePlatformSupportModulesInManaged (15ms)
				SetLoadedEditorAssemblies (0ms)
				RefreshPlugins (48ms)
				BeforeProcessingInitializeOnLoad (21ms)
				ProcessInitializeOnLoadAttributes (273ms)
				ProcessInitializeOnLoadMethodAttributes (107ms)
				AfterProcessingInitializeOnLoad (0ms)
				EditorAssembliesLoaded (1ms)
			ExecutionOrderSort2 (0ms)
			AwakeInstancesAfterBackupRestoration (0ms)
Platform modules already initialized, skipping
Registering precompiled user dll's ...
Registered in 0.004020 seconds.
Begin MonoManager ReloadAssembly
Native extension for OSXStandalone target not found
Refreshing native plugins compatible for Editor in 50.24 ms, found 2 plugins.
Preloading 0 native plugins for Editor in 0.00 ms.
Mono: successfully reloaded assembly
- Completed reload, in  2.087 seconds
Domain Reload Profiling:
	ReloadAssembly (2089ms)
		BeginReloadAssembly (241ms)
			ExecutionOrderSort (0ms)
			DisableScriptedObjects (29ms)
			BackupInstance (0ms)
			ReleaseScriptingObjects (0ms)
			CreateAndSetChildDomain (29ms)
		EndReloadAssembly (1758ms)
			LoadAssemblies (197ms)
			RebuildTransferFunctionScriptingTraits (0ms)
			SetupTypeCache (372ms)
			ReleaseScriptCaches (1ms)
			RebuildScriptCaches (54ms)
			SetupLoadedEditorAssemblies (850ms)
				LogAssemblyErrors (0ms)
				InitializePlatformSupportModulesInManaged (8ms)
				SetLoadedEditorAssemblies (0ms)
				RefreshPlugins (50ms)
				BeforeProcessingInitializeOnLoad (119ms)
				ProcessInitializeOnLoadAttributes (645ms)
				ProcessInitializeOnLoadMethodAttributes (26ms)
				AfterProcessingInitializeOnLoad (1ms)
				EditorAssembliesLoaded (0ms)
			ExecutionOrderSort2 (0ms)
			AwakeInstancesAfterBackupRestoration (30ms)
Platform modules already initialized, skipping
Validating Project structure ... 0.000720 seconds.
Shader import version has changed; will reimport all shaders...
Upgrading shader files ...0.000911 seconds.
Application.AssetDatabase Initial Script Refresh Start
RefreshInfo: InitialScriptRefreshV2(NoUpdateAssetOptions) scanfilter:  ... 1 filters
RefreshProfiler: Total: 0.000ms
Application.AssetDatabase Initial Script Refresh End
Application.AssetDatabase.Refresh Start
Application.AssetDatabase.Refresh End
RefreshInfo: StopAssetImportingV2(ForceSynchronousImport) scanfilter: 
RefreshProfiler: Total: 0.000ms
Launching external process: /Applications/Unity/Hub/Editor/2020.3.24f1/Unity.app/Contents/Tools/UnityShaderCompiler
Launched and connected shader compiler UnityShaderCompiler after 0.20 seconds
Initializing Unity extensions:
2021-12-09 15:38:58.798 Unity[13553:206264] NSEventModifierFlagFunction specified to -setKeyEquivalentModifierMask: for item <NSMenuItem: 0x60000224c460 Font Asset, ke='Command-F12'>, but is only supported for system-provided menu items; will not be used
2021-12-09 15:38:58.801 Unity[13553:206264] NSEventModifierFlagFunction specified to -setKeyEquivalentModifierMask: for item <NSMenuItem: 0x6000022bed10 Font Asset, ke='Command-F12'>, but is only supported for system-provided menu items; will not be used
========================================================================
Worker process is ready to serve import requests
Refreshing native plugins compatible for Editor in 0.45 ms, found 2 plugins.
Preloading 0 native plugins for Editor in 0.00 ms.
Unloading 2897 Unused Serialized files (Serialized files now loaded: 0)
System memory in use before: 267.3 MB.
System memory in use after: 267.2 MB.

Unloading 117 unused Assets to reduce memory usage. Loaded Objects now: 3378.
Total: 2.567333 ms (FindLiveObjects: 0.204208 ms CreateObjectMapping: 0.062084 ms MarkObjects: 2.113541 ms  DeleteObjects: 0.186625 ms)

AssetImportParameters requested are different than current active one (requested -> active):
  custom:video-decoder-ogg-theora: a1e56fd34408186e4bbccfd4996cb3dc -> 
  custom:container-muxer-webm: aa71ff27fc2769a1b78a27578f13a17b -> 
  custom:container-demuxer-webm: 4f35f7cbe854078d1ac9338744f61a02 -> 
  custom:container-demuxer-ogg: 62fdf1f143b41e24485cea50d1cbac27 -> 
  custom:video-encoder-webm-vp8: eb34c28f22e8b96e1ab97ce403110664 -> 
  custom:framework-osx-AVFoundation: e770b220cccbd017edd2c1fefb359320 -> 
  custom:video-decoder-webm-vp8: 9c59270c3fd7afecdb556c50c9e8de78 -> 
  custom:audio-decoder-ogg-vorbis: bf7c407c2cedff20999df2af8eb42d56 -> 
  custom:audio-encoder-webm-vorbis: bf7c407c2cedff20999df2af8eb42d56 -> 
========================================================================
Received Import Request.
  path: Assets/Stylized Environnement - Free Pack/scene/BasicScene.unity
  artifactKey: Guid(260eaf368e9267b4b97d4681122b0319) Importer(815301076,1909f56bfc062723c751e8b465ee728b)
Start importing Assets/Stylized Environnement - Free Pack/scene/BasicScene.unity using Guid(260eaf368e9267b4b97d4681122b0319) Importer(815301076,1909f56bfc062723c751e8b465ee728b)  -> (artifact id: '351bc5a862724ac76bea66f0a55a9feb') in 0.020072 seconds 
  Import took 0.023853 seconds .

========================================================================
Received Import Request.
  Time since last request: 6169.243954 seconds.
  path: Assets/Stylized Environnement - Free Pack/scene
  artifactKey: Guid(8d2312136ac26fb4d936db44f300737c) Importer(815301076,1909f56bfc062723c751e8b465ee728b)
Start importing Assets/Stylized Environnement - Free Pack/scene using Guid(8d2312136ac26fb4d936db44f300737c) Importer(815301076,1909f56bfc062723c751e8b465ee728b)  -> (artifact id: '61dbd502067d4d913dad1949135b7dbf') in 0.010279 seconds 
  Import took 0.071548 seconds .

========================================================================
Received Import Request.
  Time since last request: 28.872224 seconds.
  path: Assets
  artifactKey: Guid(00000000000000001000000000000000) Importer(815301076,1909f56bfc062723c751e8b465ee728b)
Start importing Assets using Guid(00000000000000001000000000000000) Importer(815301076,1909f56bfc062723c751e8b465ee728b)  -> (artifact id: '42d402b061de3733987d63b9cc3b64de') in 0.001726 seconds 
  Import took 0.009850 seconds .

========================================================================
Received Import Request.
  Time since last request: 19.531802 seconds.
  path: Assets/UniversalRenderPipelineAsset.asset
  artifactKey: Guid(fca09bac4fcfe4bdab8cf5a72e6fdb57) Importer(815301076,1909f56bfc062723c751e8b465ee728b)
Start importing Assets/UniversalRenderPipelineAsset.asset using Guid(fca09bac4fcfe4bdab8cf5a72e6fdb57) Importer(815301076,1909f56bfc062723c751e8b465ee728b)  -> (artifact id: 'b6297f6cb64ed962a470291cab8439cb') in 0.643251 seconds 
  Import took 0.649023 seconds .

========================================================================
Received Import Request.
  Time since last request: 0.000282 seconds.
  path: Assets/UniversalRenderPipelineAsset_Renderer.asset
  artifactKey: Guid(72001eabb56244a9ea0f08349cbf3724) Importer(815301076,1909f56bfc062723c751e8b465ee728b)
Start importing Assets/UniversalRenderPipelineAsset_Renderer.asset using Guid(72001eabb56244a9ea0f08349cbf3724) Importer(815301076,1909f56bfc062723c751e8b465ee728b)  -> (artifact id: '3790771589606e97e7026990f313ff16') in 0.012745 seconds 
  Import took 0.015877 seconds .

========================================================================
Received Prepare
Switching render pipeline 00000000000000000000000000000000 -> fca09bac4fcfe4bdab8cf5a72e6fdb57
Refreshing native plugins compatible for Editor in 3.88 ms, found 2 plugins.
Preloading 0 native plugins for Editor in 0.00 ms.
Unloading 61 Unused Serialized files (Serialized files now loaded: 0)
System memory in use before: 214.7 MB.
System memory in use after: 214.9 MB.

Unloading 13 unused Assets to reduce memory usage. Loaded Objects now: 3426.
Total: 10.257625 ms (FindLiveObjects: 0.282833 ms CreateObjectMapping: 0.067292 ms MarkObjects: 9.872666 ms  DeleteObjects: 0.033833 ms)

AssetImportParameters requested are different than current active one (requested -> active):
  custom:video-decoder-ogg-theora: a1e56fd34408186e4bbccfd4996cb3dc -> 
  custom:container-muxer-webm: aa71ff27fc2769a1b78a27578f13a17b -> 
  custom:container-demuxer-webm: 4f35f7cbe854078d1ac9338744f61a02 -> 
  custom:container-demuxer-ogg: 62fdf1f143b41e24485cea50d1cbac27 -> 
  custom:video-encoder-webm-vp8: eb34c28f22e8b96e1ab97ce403110664 -> 
  custom:framework-osx-AVFoundation: e770b220cccbd017edd2c1fefb359320 -> 
  custom:video-decoder-webm-vp8: 9c59270c3fd7afecdb556c50c9e8de78 -> 
  custom:audio-decoder-ogg-vorbis: bf7c407c2cedff20999df2af8eb42d56 -> 
  custom:audio-encoder-webm-vorbis: bf7c407c2cedff20999df2af8eb42d56 -> 
========================================================================
Received Import Request.
  Time since last request: 298.920046 seconds.
  path: Assets/UniversalRenderPipelineAsset.asset
  artifactKey: Guid(fca09bac4fcfe4bdab8cf5a72e6fdb57) Importer(815301076,1909f56bfc062723c751e8b465ee728b)
Start importing Assets/UniversalRenderPipelineAsset.asset using Guid(fca09bac4fcfe4bdab8cf5a72e6fdb57) Importer(815301076,1909f56bfc062723c751e8b465ee728b)  -> (artifact id: '2e2657d4e99a10972e1a95e97e3336fc') in 0.007127 seconds 
  Import took 0.010728 seconds .

========================================================================
Received Import Request.
  Time since last request: 0.000240 seconds.
  path: Assets/UniversalRenderPipelineAsset_Renderer.asset
  artifactKey: Guid(72001eabb56244a9ea0f08349cbf3724) Importer(815301076,1909f56bfc062723c751e8b465ee728b)
Start importing Assets/UniversalRenderPipelineAsset_Renderer.asset using Guid(72001eabb56244a9ea0f08349cbf3724) Importer(815301076,1909f56bfc062723c751e8b465ee728b)  -> (artifact id: 'bfdbdb1b5184f730fb50c5db8256f73a') in 0.002363 seconds 
  Import took 0.005488 seconds .

========================================================================
Received Import Request.
  Time since last request: 297.462515 seconds.
  path: Assets/Stylized Environnement - Free Pack/PPP.asset
  artifactKey: Guid(07d475369b47b413fad896a658b53062) Importer(815301076,1909f56bfc062723c751e8b465ee728b)
Start importing Assets/Stylized Environnement - Free Pack/PPP.asset using Guid(07d475369b47b413fad896a658b53062) Importer(815301076,1909f56bfc062723c751e8b465ee728b)  -> (artifact id: '49921153d5bb6df0f0a297d4ffe0bbfd') in 0.008968 seconds 
  Import took 0.029188 seconds .

========================================================================
Received Import Request.
  Time since last request: 40.235155 seconds.
  path: Assets/UniversalRenderPipelineAsset.asset
  artifactKey: Guid(fca09bac4fcfe4bdab8cf5a72e6fdb57) Importer(815301076,1909f56bfc062723c751e8b465ee728b)
Start importing Assets/UniversalRenderPipelineAsset.asset using Guid(fca09bac4fcfe4bdab8cf5a72e6fdb57) Importer(815301076,1909f56bfc062723c751e8b465ee728b)  -> (artifact id: '47db67b664d8dd30760704c33a69ea86') in 0.026645 seconds 
  Import took 0.031120 seconds .

========================================================================
Received Import Request.
  Time since last request: 0.000295 seconds.
  path: Assets/UniversalRenderPipelineAsset_Renderer.asset
  artifactKey: Guid(72001eabb56244a9ea0f08349cbf3724) Importer(815301076,1909f56bfc062723c751e8b465ee728b)
Start importing Assets/UniversalRenderPipelineAsset_Renderer.asset using Guid(72001eabb56244a9ea0f08349cbf3724) Importer(815301076,1909f56bfc062723c751e8b465ee728b)  -> (artifact id: '8c7b46a92eb5e4cf9b54b6dca15bd7a9') in 0.005688 seconds 
  Import took 0.009461 seconds .

========================================================================
Received Import Request.
  Time since last request: 963.090462 seconds.
  path: Assets/My
  artifactKey: Guid(0fda6a6006b3e453d91ba59868cfb30d) Importer(815301076,1909f56bfc062723c751e8b465ee728b)
Start importing Assets/My using Guid(0fda6a6006b3e453d91ba59868cfb30d) Importer(815301076,1909f56bfc062723c751e8b465ee728b)  -> (artifact id: 'fc1f5e9ad5d3690e5a771cb1580d25e6') in 0.002688 seconds 
  Import took 0.016279 seconds .

========================================================================
Received Import Request.
  Time since last request: 115.919384 seconds.
  path: Assets/MyShader/New Shader Graph.shadergraph
  artifactKey: Guid(e866b75f56a3646e2817b478b38e19b9) Importer(815301076,1909f56bfc062723c751e8b465ee728b)
Start importing Assets/MyShader/New Shader Graph.shadergraph using Guid(e866b75f56a3646e2817b478b38e19b9) Importer(815301076,1909f56bfc062723c751e8b465ee728b)  -> (artifact id: 'e8a4ce78120e097d024a929344b030f3') in 0.136229 seconds 
  Import took 0.155528 seconds .

========================================================================
Received Import Request.
  Time since last request: 18.543334 seconds.
  path: Assets/MyShader/deptWater.shadergraph
  artifactKey: Guid(e866b75f56a3646e2817b478b38e19b9) Importer(815301076,1909f56bfc062723c751e8b465ee728b)
Start importing Assets/MyShader/deptWater.shadergraph using Guid(e866b75f56a3646e2817b478b38e19b9) Importer(815301076,1909f56bfc062723c751e8b465ee728b)  -> (artifact id: '83e0a458e310267374831f147aacfb9d') in 0.003023 seconds 
  Import took 0.006674 seconds .

========================================================================
Received Import Request.
  Time since last request: 1425.949995 seconds.
  path: Assets/MyShader/depthwater.mat
  artifactKey: Guid(8fa80b376d9c34ef19feb2f5c87c2267) Importer(815301076,1909f56bfc062723c751e8b465ee728b)
Start importing Assets/MyShader/depthwater.mat using Guid(8fa80b376d9c34ef19feb2f5c87c2267) Importer(815301076,1909f56bfc062723c751e8b465ee728b)  -> (artifact id: 'bda47992c4cd0b530ae4b94afe282eff') in 1.181896 seconds 
  Import took 1.203732 seconds .

========================================================================
Received Import Request.
  Time since last request: 5824.544625 seconds.
  path: Assets/MyShader/deptWater.mat
  artifactKey: Guid(94493603f20064fee818ec6633ff5d65) Importer(815301076,1909f56bfc062723c751e8b465ee728b)
Start importing Assets/MyShader/deptWater.mat using Guid(94493603f20064fee818ec6633ff5d65) Importer(815301076,1909f56bfc062723c751e8b465ee728b)  -> (artifact id: 'b07fe13d27230f8f19a59d6fa9e2c3ee') in 0.046952 seconds 
  Import took 0.074259 seconds .

========================================================================
Received Import Request.
  Time since last request: 664.000339 seconds.
  path: Assets/MyShader/deptWater.mat
  artifactKey: Guid(94493603f20064fee818ec6633ff5d65) Importer(815301076,1909f56bfc062723c751e8b465ee728b)
Start importing Assets/MyShader/deptWater.mat using Guid(94493603f20064fee818ec6633ff5d65) Importer(815301076,1909f56bfc062723c751e8b465ee728b)  -> (artifact id: '33c6438a6389d8076f07d0cc5cdc203f') in 0.109400 seconds 
  Import took 0.143748 seconds .

